<?xml version="1.0" encoding="UTF-8"?>
<testsuite xmlns:xsi="http://www.w3.org/2001/XMLSchema-instance" xsi:schemaLocation="https://maven.apache.org/surefire/maven-surefire-plugin/xsd/surefire-test-report.xsd" name="test.LoginTest" time="108.108" tests="62" errors="0" skipped="0" failures="0">
  <properties>
[...]
</properties>
  <testcase name="Given I am on main application page" classname="| 1 |" time="0.002"/>
  <testcase name="Given I am on main application page" classname="| 1 |" time="0"/>
  <testcase name="When I login as user with &quot;1&quot;" classname="| 1 |" time="0"/>
  <testcase name="Then I see expected element" classname="| 1 |" time="0"/>
  <testcase name="| 1 |" classname="| 1 |" time="0.787"/>
  <testcase name="| 1 |" classname="| 1 |" time="0.669"/>
  <testcase name="Given I am on main application page" classname="| 2 |" time="0"/>
  <testcase name="When I login as user with &quot;2&quot;" classname="| 2 |" time="0"/>
  <testcase name="Then I see expected element" classname="| 2 |" time="0"/>
  <testcase name="| 2 |" classname="| 2 |" time="0.645"/>
  <testcase name="Given I am on main application page" classname="| 3 |" time="0"/>
  <testcase name="When I login as user with &quot;3&quot;" classname="| 3 |" time="0.001"/>
  <testcase name="Then I see expected element" classname="| 3 |" time="0.001"/>
  <testcase name="| 3 |" classname="| 3 |" time="0.649"/>
  <testcase name="Given I am on main application page" classname="| 4 |" time="0"/>
  <testcase name="When I login as user with &quot;4&quot;" classname="| 4 |" time="0"/>
  <testcase name="Then I see expected element" classname="| 4 |" time="0"/>
  <testcase name="| 4 |" classname="| 4 |" time="0.649"/>
  <testcase name="Given I am on main application page" classname="| 5 |" time="0"/>
  <testcase name="When I login as user with &quot;5&quot;" classname="| 5 |" time="0"/>
  <testcase name="Then I see expected element" classname="| 5 |" time="0"/>
  <testcase name="| 5 |" classname="| 5 |" time="0.703"/>
  <testcase name="Given I am on main application page" classname="| 6 |" time="0"/>
  <testcase name="When I login as user with &quot;6&quot;" classname="| 6 |" time="0"/>
  <testcase name="Then I see expected element" classname="| 6 |" time="0"/>
  <testcase name="| 6 |" classname="| 6 |" time="0.627"/>
  <testcase name="Given I am on main application page" classname="Scenario: Message moving to spam and back" time="0"/>
  <testcase name="When I login as user with login &quot;syermolinskaya&quot; and password &quot;ytdthjznyjtbpj,htntybt&quot;" classname="Scenario: Message moving to spam and back" time="0"/>
  <testcase name="Then I see expected element with xpath &quot;.//a[@id=&apos;PH_logoutLink&apos;]&quot;" classname="Scenario: Message moving to spam and back" time="0"/>
  <testcase name="Then I check incoming messages presence" classname="Scenario: Message moving to spam and back" time="0"/>
  <testcase name="When I move 1 message to spam" classname="Scenario: Message moving to spam and back" time="0"/>
  <testcase name="Then I see popup with confirmation" classname="Scenario: Message moving to spam and back" time="0"/>
  <testcase name="Then I see popup with confirmation" classname="Scenario: Message moving to spam and back" time="0"/>
  <testcase name="When I go to spam" classname="Scenario: Message moving to spam and back" time="0"/>
  <testcase name="And I move message back from spam to income" classname="Scenario: Message moving to spam and back" time="0"/>
  <testcase name="Scenario: Message moving to spam and back" classname="Scenario: Message moving to spam and back" time="0.652"/>
  <testcase name="Given I am on main application page" classname="Scenario: Check messages and uncheck all" time="0"/>
  <testcase name="When I login as user with login &quot;syermolinskaya&quot; and password &quot;ytdthjznyjtbpj,htntybt&quot;" classname="Scenario: Check messages and uncheck all" time="0"/>
  <testcase name="Then I see expected element with xpath &quot;.//a[@id=&apos;PH_logoutLink&apos;]&quot;" classname="Scenario: Check messages and uncheck all" time="0"/>
  <testcase name="Then I check incoming messages presence" classname="Scenario: Check messages and uncheck all" time="0"/>
  <testcase name="When I check 3 messages" classname="Scenario: Check messages and uncheck all" time="0"/>
  <testcase name="And I uncheck all messages" classname="Scenario: Check messages and uncheck all" time="0"/>
  <testcase name="Then I don&apos;t see any selection" classname="Scenario: Check messages and uncheck all" time="0"/>
  <testcase name="Scenario: Check messages and uncheck all" classname="Scenario: Check messages and uncheck all" time="0.655"/>
  <testcase name="Given I am on main application page" classname="| 0 |" time="0"/>
  <testcase name="When I login as user with login &quot;syermolinskaya&quot; and password &quot;ytdthjznyjtbpj,htntybt&quot;" classname="| 0 |" time="0"/>
  <testcase name="Then I see expected element with xpath &quot;.//a[@id=&apos;PH_logoutLink&apos;]&quot;" classname="| 0 |" time="0"/>
  <testcase name="When I send message using 0 data" classname="| 0 |" time="0"/>
  <testcase name="Then I see expected confirmation" classname="| 0 |" time="0"/>
  <testcase name="| 0 |" classname="| 0 |" time="0.67"/>
  <testcase name="When I login as user with login &quot;syermolinskaya&quot; and password &quot;ytdthjznyjtbpj,htntybt&quot;" classname="| 1 |" time="0"/>
  <testcase name="Then I see expected element with xpath &quot;.//a[@id=&apos;PH_logoutLink&apos;]&quot;" classname="| 1 |" time="0"/>
  <testcase name="When I send message using 1 data" classname="| 1 |" time="0"/>
  <testcase name="Then I see expected confirmation" classname="| 1 |" time="0"/>
  <testcase name="Given I get posts from &quot;posts.xml&quot;" classname="Scenario: Add, edit and delete post" time="0"/>
  <testcase name="When I send post" classname="Scenario: Add, edit and delete post" time="0"/>
  <testcase name="Then I check posted message" classname="Scenario: Add, edit and delete post" time="0"/>
  <testcase name="Then I check posted message" classname="Scenario: Add, edit and delete post" time="0"/>
  <testcase name="When I edit post" classname="Scenario: Add, edit and delete post" time="0"/>
  <testcase name="When I delete message" classname="Scenario: Add, edit and delete post" time="0"/>
  <testcase name="Then I check post deletion" classname="Scenario: Add, edit and delete post" time="0"/>
  <testcase name="Scenario: Add, edit and delete post" classname="Scenario: Add, edit and delete post" time="0.024"/>
</testsuite>